Arguments: 
  /home/strukturart/.nvm/versions/node/v21.6.2/bin/node /home/strukturart/.cache/node/corepack/yarn/1.22.19/bin/yarn.js add --json @parcel/resolver-default -D -W

PATH: 
  /home/strukturart/.nvm/versions/node/v21.6.2/bin:/usr/local/sbin:/usr/local/bin:/usr/sbin:/usr/bin:/sbin:/bin:/usr/games:/usr/local/games:/snap/bin:/snap/bin:/home/strukturart/.composer/vendor/bin:/home/strukturart/.config/composer/vendor/bin:/home/strukturart/.config/composer/vendor/bin

Yarn version: 
  1.22.19

Node version: 
  21.6.2

Platform: 
  linux x64

Trace: 
  AggregateError [ETIMEDOUT]: 
      at internalConnectMultiple (node:net:1116:18)
      at internalConnectMultiple (node:net:1184:5)
      at Timeout.internalConnectMultipleTimeout (node:net:1707:5)
      at listOnTimeout (node:internal/timers:575:11)
      at process.processTimers (node:internal/timers:514:7)

npm manifest: 
  {
    "name": "flop",
    "version": "1.0.0",
    "source": "application/index.html",
    "browserslist": "Firefox <= 48",
    "scripts": {
      "build": "rm -rf dist/* && parcel build --no-source-maps --no-optimize application/index.html  && cp application/manifest.webapp dist && mkdir dist/assets && cp -r application/assets/icons dist/assets/ && cp -r application/assets/css/marker-icon.png dist/assets/css/marker-icon.png && mkdir -p dist/assets/js/ && cp application/assets/js/kaiads.v5.min.js dist/assets/js/",
      "run": "parcel",
      "web": "rm -rf webpage/* && parcel build --dist-dir webpage --public-url ./ --no-source-maps --no-optimize application/index.html && cp application/manifest.webapp webpage && cp application/manifest.webmanifest webpage && mkdir -p webpage/assets && cp -r application/assets/icons webpage/assets/ && mkdir -p webpage/assets/js/ && cp application/assets/js/kaiads.v5.min.js webpage/assets/js/ && cp -r application/assets/image webpage/assets/ && cp -r application/assets/fonts webpage/assets/ && cp -r application/assets/css/marker-icon.png webpage/"
    },
    "devDependencies": {
      "@babel/cli": "^7.18.10",
      "@babel/core": "^7.19.1",
      "@babel/plugin-syntax-dynamic-import": "^7.8.3",
      "@babel/plugin-transform-named-capturing-groups-regex": "^7.17.12",
      "@babel/plugin-transform-runtime": "^7.18.5",
      "@babel/preset-env": "^7.19.1",
      "@parcel/packager-raw-url": "^2.12.0",
      "@parcel/resolver-default": "^2.12.0",
      "@parcel/transformer-html": "^2.6.2",
      "@parcel/transformer-webmanifest": "^2.12.0",
      "assert": "^2.1.0",
      "babel-plugin-transform-async-to-promises": "^0.8.18",
      "buffer": "^6.0.3",
      "core-js": "^3.22.5",
      "crypto-browserify": "^3.12.0",
      "events": "^3.3.0",
      "https-browserify": "^1.0.0",
      "os-browserify": "^0.3.0",
      "parcel": "^2.12.0",
      "path-browserify": "^1.0.1",
      "process": "^0.11.10",
      "stream-browserify": "^3.0.0",
      "stream-http": "^3.2.0",
      "string_decoder": "^1.3.0",
      "timers-browserify": "^2.0.12",
      "url": "^0.11.4"
    },
    "dependencies": {
      "@parcel/service-worker": "^2.8.0",
      "dotenv": "^16.4.1",
      "jsqr": "^1.4.0",
      "leaflet": "^1.9.4",
      "linkifyjs": "^3.0.5",
      "localforage": "^1.10.0",
      "mithril": "^2.0.4",
      "qrious": "^4.0.2",
      "rss-parser": "^3.13.0",
      "rss-to-json": "^2.1.1",
      "url-search-params-polyfill": "^8.1.1",
      "uuid": "^9.0.0",
      "webrtc-adapter": "^9.0.1"
    }
  }

yarn manifest: 
  No manifest

Lockfile: 
  No lockfile
